\BOOKMARK [0][]{chapter.1}{\376\377\0001\000\040\000S\000t\000a\000t\000e\000\040\000o\000f\000\040\000t\000h\000e\000\040\000a\000r\000t}{}% 1
\BOOKMARK [1][-]{section.1.1}{\376\377\0001\000.\0001\000\040\000F\000o\000r\000m\000a\000l\000i\000s\000m}{chapter.1}% 2
\BOOKMARK [0][]{chapter.2}{\376\377\0002\000\040\000S\000p\000e\000c\000i\000f\000i\000c\000a\000t\000i\000o\000n\000s}{}% 3
\BOOKMARK [1][-]{section.2.1}{\376\377\0002\000.\0001\000\040\000A\000c\000t\000o\000r\000s}{chapter.2}% 4
\BOOKMARK [2][-]{subsection.2.1.1}{\376\377\0002\000.\0001\000.\0001\000\040\000I\000n\000t\000e\000r\000n\000a\000l\000\040\000a\000c\000t\000o\000r\000s}{section.2.1}% 5
\BOOKMARK [2][-]{subsection.2.1.2}{\376\377\0002\000.\0001\000.\0002\000\040\000E\000x\000t\000e\000r\000n\000a\000l\000\040\000a\000c\000t\000o\000r\000s}{section.2.1}% 6
\BOOKMARK [1][-]{section.2.2}{\376\377\0002\000.\0002\000\040\000F\000u\000n\000c\000t\000i\000o\000n\000a\000l\000i\000t\000i\000e\000s\000'\000\040\000o\000v\000e\000r\000v\000i\000e\000w}{chapter.2}% 7
\BOOKMARK [2][-]{subsection.2.2.1}{\376\377\0002\000.\0002\000.\0001\000\040\000R\000e\000g\000i\000s\000t\000e\000r}{section.2.2}% 8
\BOOKMARK [2][-]{subsection.2.2.2}{\376\377\0002\000.\0002\000.\0002\000\040\000L\000o\000g\000i\000n}{section.2.2}% 9
\BOOKMARK [2][-]{subsection.2.2.3}{\376\377\0002\000.\0002\000.\0003\000\040\000S\000e\000a\000r\000c\000h}{section.2.2}% 10
\BOOKMARK [2][-]{subsection.2.2.4}{\376\377\0002\000.\0002\000.\0004\000\040\000V\000i\000e\000w\000\040\000d\000e\000t\000a\000i\000l\000s}{section.2.2}% 11
\BOOKMARK [2][-]{subsection.2.2.5}{\376\377\0002\000.\0002\000.\0005\000\040\000R\000e\000v\000i\000e\000w\000\040\000a\000\040\000p\000l\000a\000c\000e}{section.2.2}% 12
\BOOKMARK [0][]{chapter.3}{\376\377\0003\000\040\000D\000e\000s\000i\000g\000n\000\040\000\046\000\040\000a\000r\000c\000h\000i\000t\000e\000c\000t\000u\000r\000e}{}% 13
\BOOKMARK [1][-]{section.3.1}{\376\377\0003\000.\0001\000\040\000P\000h\000y\000s\000i\000c\000a\000l\000\040\000a\000r\000c\000h\000i\000t\000e\000c\000t\000u\000r\000e}{chapter.3}% 14
\BOOKMARK [1][-]{section.3.2}{\376\377\0003\000.\0002\000\040\000L\000o\000g\000i\000c\000a\000l\000\040\000a\000r\000c\000h\000i\000t\000e\000c\000t\000u\000r\000e}{chapter.3}% 15
\BOOKMARK [1][-]{section.3.3}{\376\377\0003\000.\0003\000\040\000M\000o\000d\000u\000l\000a\000r\000\040\000a\000r\000c\000h\000i\000t\000e\000c\000t\000u\000r\000e}{chapter.3}% 16
\BOOKMARK [1][-]{section.3.4}{\376\377\0003\000.\0004\000\040\000M\000o\000d\000u\000l\000e\000s}{chapter.3}% 17
\BOOKMARK [2][-]{subsection.3.4.1}{\376\377\0003\000.\0004\000.\0001\000\040\000s\000e\000a\000r\000c\000h\000A\000d\000M\000o\000d\000u\000l\000e}{section.3.4}% 18
\BOOKMARK [2][-]{subsection.3.4.2}{\376\377\0003\000.\0004\000.\0002\000\040\000O\000P\000R\000\040\000a\000p\000p\000\040\000m\000o\000d\000u\000l\000e}{section.3.4}% 19
\BOOKMARK [2][-]{subsection.3.4.3}{\376\377\0003\000.\0004\000.\0003\000\040\000R\000E\000S\000T\000\040\000A\000P\000I\000\040\000m\000o\000d\000u\000l\000e}{section.3.4}% 20
\BOOKMARK [0][]{chapter.4}{\376\377\0004\000\040\000I\000m\000p\000l\000e\000m\000e\000n\000t\000a\000t\000i\000o\000n}{}% 21
\BOOKMARK [1][-]{section.4.1}{\376\377\0004\000.\0001\000\040\000T\000e\000c\000h\000n\000o\000l\000o\000g\000y\000\040\000c\000h\000o\000i\000c\000e\000s}{chapter.4}% 22
\BOOKMARK [1][-]{section.4.2}{\376\377\0004\000.\0002\000\040\000S\000c\000r\000e\000e\000n\000s\000h\000o\000t\000s}{chapter.4}% 23
\BOOKMARK [2][-]{subsection.4.2.1}{\376\377\0004\000.\0002\000.\0001\000\040\000W\000e\000b\000\040\000i\000n\000t\000e\000r\000f\000a\000c\000e}{section.4.2}% 24
\BOOKMARK [2][-]{subsection.4.2.2}{\376\377\0004\000.\0002\000.\0002\000\040\000A\000P\000I}{section.4.2}% 25
\BOOKMARK [1][-]{section.4.3}{\376\377\0004\000.\0003\000\040\000D\000e\000p\000l\000o\000y\000m\000e\000n\000t}{chapter.4}% 26
\BOOKMARK [1][-]{section.4.4}{\376\377\0004\000.\0004\000\040\000T\000e\000s\000t\000i\000n\000g}{chapter.4}% 27
\BOOKMARK [1][-]{section.4.5}{\376\377\0004\000.\0005\000\040\000W\000o\000r\000k\000\040\000e\000n\000v\000i\000r\000o\000n\000m\000e\000n\000t}{chapter.4}% 28
\BOOKMARK [0][]{chapter.5}{\376\377\0005\000\040\000C\000o\000n\000c\000l\000u\000s\000i\000o\000n}{}% 29
\BOOKMARK [0][]{chapter.6}{\376\377\0006\000\040\000R\000e\000f\000e\000r\000e\000n\000c\000e\000s}{}% 30
\BOOKMARK [0][]{chapter.7}{\376\377\0007\000\040\000A\000p\000p\000e\000n\000d\000i\000x}{}% 31
\BOOKMARK [1][-]{section.7.1}{\376\377\0007\000.\0001\000\040\000N\000G\000I\000N\000X\000\040\000c\000o\000n\000f\000i\000g\000u\000r\000a\000t\000i\000o\000n}{chapter.7}% 32
